<?xml version="1.0" encoding="UTF-8"?>
<testng-results ignored="0" total="1" passed="1" failed="0" skipped="0">
  <reporter-output>
  </reporter-output>
  <suite started-at="2023-11-18T18:24:28 IST" name="Suite" finished-at="2023-11-18T18:26:10 IST" duration-ms="102175">
    <groups>
    </groups>
    <test started-at="2023-11-18T18:24:28 IST" name="Test" finished-at="2023-11-18T18:26:10 IST" duration-ms="102175">
      <class name="com.store.testcases.TC_Loginpagetest">
        <test-method is-config="true" signature="setup()[pri:0, instance:com.store.testcases.TC_Loginpagetest@4c402120]" started-at="2023-11-18T18:24:29 IST" name="setup" finished-at="2023-11-18T18:24:49 IST" duration-ms="19932" status="PASS">
          <reporter-output>
          </reporter-output>
        </test-method> <!-- setup -->
        <test-method signature="verifylogin()[pri:0, instance:com.store.testcases.TC_Loginpagetest@4c402120]" started-at="2023-11-18T18:24:49 IST" name="verifylogin" finished-at="2023-11-18T18:26:10 IST" duration-ms="81570" status="PASS">
          <reporter-output>
          </reporter-output>
        </test-method> <!-- verifylogin -->
      </class> <!-- com.store.testcases.TC_Loginpagetest -->
    </test> <!-- Test -->
  </suite> <!-- Suite -->
</testng-results>
